<?xml version="1.0" encoding="UTF-8"?>
<testsuite xmlns:xsi="http://www.w3.org/2001/XMLSchema-instance" xsi:noNamespaceSchemaLocation="https://maven.apache.org/surefire/maven-surefire-plugin/xsd/surefire-test-report-3.0.xsd" version="3.0" name="UserServiceTest" time="0.833" tests="6" errors="0" skipped="0" failures="0">
  <properties>
    <property name="java.specification.version" value="17"/>
    <property name="sun.jnu.encoding" value="UTF-8"/>
    <property name="java.class.path" value="/Users/andrey/JavaProj/kata115/target/test-classes:/Users/andrey/JavaProj/kata115/target/classes:/Users/andrey/.m2/repository/junit/junit/4.13.2/junit-4.13.2.jar:/Users/andrey/.m2/repository/org/hamcrest/hamcrest-core/1.3/hamcrest-core-1.3.jar:/Users/andrey/.m2/repository/com/mysql/mysql-connector-j/8.0.33/mysql-connector-j-8.0.33.jar:/Users/andrey/.m2/repository/com/google/protobuf/protobuf-java/3.21.9/protobuf-java-3.21.9.jar:/Users/andrey/.m2/repository/org/hibernate/javax/persistence/hibernate-jpa-2.1-api/1.0.2.Final/hibernate-jpa-2.1-api-1.0.2.Final.jar:/Users/andrey/.m2/repository/org/hibernate/hibernate-core/5.6.3.Final/hibernate-core-5.6.3.Final.jar:/Users/andrey/.m2/repository/org/jboss/logging/jboss-logging/3.4.2.Final/jboss-logging-3.4.2.Final.jar:/Users/andrey/.m2/repository/javax/persistence/javax.persistence-api/2.2/javax.persistence-api-2.2.jar:/Users/andrey/.m2/repository/net/bytebuddy/byte-buddy/1.11.20/byte-buddy-1.11.20.jar:/Users/andrey/.m2/repository/antlr/antlr/2.7.7/antlr-2.7.7.jar:/Users/andrey/.m2/repository/org/jboss/spec/javax/transaction/jboss-transaction-api_1.2_spec/1.1.1.Final/jboss-transaction-api_1.2_spec-1.1.1.Final.jar:/Users/andrey/.m2/repository/org/jboss/jandex/2.2.3.Final/jandex-2.2.3.Final.jar:/Users/andrey/.m2/repository/com/fasterxml/classmate/1.5.1/classmate-1.5.1.jar:/Users/andrey/.m2/repository/javax/activation/javax.activation-api/1.2.0/javax.activation-api-1.2.0.jar:/Users/andrey/.m2/repository/org/hibernate/common/hibernate-commons-annotations/5.1.2.Final/hibernate-commons-annotations-5.1.2.Final.jar:/Users/andrey/.m2/repository/javax/xml/bind/jaxb-api/2.3.1/jaxb-api-2.3.1.jar:/Users/andrey/.m2/repository/org/glassfish/jaxb/jaxb-runtime/2.3.1/jaxb-runtime-2.3.1.jar:/Users/andrey/.m2/repository/org/glassfish/jaxb/txw2/2.3.1/txw2-2.3.1.jar:/Users/andrey/.m2/repository/com/sun/istack/istack-commons-runtime/3.0.7/istack-commons-runtime-3.0.7.jar:/Users/andrey/.m2/repository/org/jvnet/staxex/stax-ex/1.8/stax-ex-1.8.jar:/Users/andrey/.m2/repository/com/sun/xml/fastinfoset/FastInfoset/1.2.15/FastInfoset-1.2.15.jar:"/>
    <property name="java.vm.vendor" value="Microsoft"/>
    <property name="sun.arch.data.model" value="64"/>
    <property name="java.vendor.url" value="https://www.microsoft.com"/>
    <property name="os.name" value="Mac OS X"/>
    <property name="java.vm.specification.version" value="17"/>
    <property name="sun.java.launcher" value="SUN_STANDARD"/>
    <property name="user.country" value="RU"/>
    <property name="sun.boot.library.path" value="/Users/andrey/Downloads/jdk-17.0.2+8/Contents/Home/lib"/>
    <property name="sun.java.command" value="/Users/andrey/JavaProj/kata115/target/surefire/surefirebooter-20240713121120089_3.jar /Users/andrey/JavaProj/kata115/target/surefire 2024-07-13T12-11-20_029-jvmRun1 surefire-20240713121120089_1tmp surefire_0-20240713121120089_2tmp"/>
    <property name="http.nonProxyHosts" value="local|*.local|169.254/16|*.169.254/16"/>
    <property name="jdk.debug" value="release"/>
    <property name="surefire.test.class.path" value="/Users/andrey/JavaProj/kata115/target/test-classes:/Users/andrey/JavaProj/kata115/target/classes:/Users/andrey/.m2/repository/junit/junit/4.13.2/junit-4.13.2.jar:/Users/andrey/.m2/repository/org/hamcrest/hamcrest-core/1.3/hamcrest-core-1.3.jar:/Users/andrey/.m2/repository/com/mysql/mysql-connector-j/8.0.33/mysql-connector-j-8.0.33.jar:/Users/andrey/.m2/repository/com/google/protobuf/protobuf-java/3.21.9/protobuf-java-3.21.9.jar:/Users/andrey/.m2/repository/org/hibernate/javax/persistence/hibernate-jpa-2.1-api/1.0.2.Final/hibernate-jpa-2.1-api-1.0.2.Final.jar:/Users/andrey/.m2/repository/org/hibernate/hibernate-core/5.6.3.Final/hibernate-core-5.6.3.Final.jar:/Users/andrey/.m2/repository/org/jboss/logging/jboss-logging/3.4.2.Final/jboss-logging-3.4.2.Final.jar:/Users/andrey/.m2/repository/javax/persistence/javax.persistence-api/2.2/javax.persistence-api-2.2.jar:/Users/andrey/.m2/repository/net/bytebuddy/byte-buddy/1.11.20/byte-buddy-1.11.20.jar:/Users/andrey/.m2/repository/antlr/antlr/2.7.7/antlr-2.7.7.jar:/Users/andrey/.m2/repository/org/jboss/spec/javax/transaction/jboss-transaction-api_1.2_spec/1.1.1.Final/jboss-transaction-api_1.2_spec-1.1.1.Final.jar:/Users/andrey/.m2/repository/org/jboss/jandex/2.2.3.Final/jandex-2.2.3.Final.jar:/Users/andrey/.m2/repository/com/fasterxml/classmate/1.5.1/classmate-1.5.1.jar:/Users/andrey/.m2/repository/javax/activation/javax.activation-api/1.2.0/javax.activation-api-1.2.0.jar:/Users/andrey/.m2/repository/org/hibernate/common/hibernate-commons-annotations/5.1.2.Final/hibernate-commons-annotations-5.1.2.Final.jar:/Users/andrey/.m2/repository/javax/xml/bind/jaxb-api/2.3.1/jaxb-api-2.3.1.jar:/Users/andrey/.m2/repository/org/glassfish/jaxb/jaxb-runtime/2.3.1/jaxb-runtime-2.3.1.jar:/Users/andrey/.m2/repository/org/glassfish/jaxb/txw2/2.3.1/txw2-2.3.1.jar:/Users/andrey/.m2/repository/com/sun/istack/istack-commons-runtime/3.0.7/istack-commons-runtime-3.0.7.jar:/Users/andrey/.m2/repository/org/jvnet/staxex/stax-ex/1.8/stax-ex-1.8.jar:/Users/andrey/.m2/repository/com/sun/xml/fastinfoset/FastInfoset/1.2.15/FastInfoset-1.2.15.jar:"/>
    <property name="sun.cpu.endian" value="little"/>
    <property name="user.home" value="/Users/andrey"/>
    <property name="user.language" value="ru"/>
    <property name="java.specification.vendor" value="Oracle Corporation"/>
    <property name="java.version.date" value="2022-01-18"/>
    <property name="java.home" value="/Users/andrey/Downloads/jdk-17.0.2+8/Contents/Home"/>
    <property name="file.separator" value="/"/>
    <property name="basedir" value="/Users/andrey/JavaProj/kata115"/>
    <property name="java.vm.compressedOopsMode" value="Zero based"/>
    <property name="line.separator" value="&#10;"/>
    <property name="java.vm.specification.vendor" value="Oracle Corporation"/>
    <property name="java.specification.name" value="Java Platform API Specification"/>
    <property name="surefire.real.class.path" value="/Users/andrey/JavaProj/kata115/target/surefire/surefirebooter-20240713121120089_3.jar"/>
    <property name="sun.management.compiler" value="HotSpot 64-Bit Tiered Compilers"/>
    <property name="ftp.nonProxyHosts" value="local|*.local|169.254/16|*.169.254/16"/>
    <property name="java.runtime.version" value="17.0.2+8-LTS"/>
    <property name="user.name" value="andrey"/>
    <property name="path.separator" value=":"/>
    <property name="os.version" value="14.5"/>
    <property name="java.runtime.name" value="OpenJDK Runtime Environment"/>
    <property name="file.encoding" value="UTF-8"/>
    <property name="java.vm.name" value="OpenJDK 64-Bit Server VM"/>
    <property name="java.vendor.version" value="Microsoft-30338"/>
    <property name="localRepository" value="/Users/andrey/.m2/repository"/>
    <property name="java.vendor.url.bug" value="https://github.com/microsoft/openjdk/issues"/>
    <property name="java.io.tmpdir" value="/var/folders/1k/n7ftvp290n53bv1fjg1nrcw40000gn/T/"/>
    <property name="idea.version" value="2023.3.7"/>
    <property name="java.version" value="17.0.2"/>
    <property name="user.dir" value="/Users/andrey/JavaProj/kata115"/>
    <property name="os.arch" value="aarch64"/>
    <property name="java.vm.specification.name" value="Java Virtual Machine Specification"/>
    <property name="native.encoding" value="UTF-8"/>
    <property name="java.library.path" value="/Users/andrey/Library/Java/Extensions:/Library/Java/Extensions:/Network/Library/Java/Extensions:/System/Library/Java/Extensions:/usr/lib/java:."/>
    <property name="java.vm.info" value="mixed mode"/>
    <property name="java.vendor" value="Microsoft"/>
    <property name="java.vm.version" value="17.0.2+8-LTS"/>
    <property name="sun.io.unicode.encoding" value="UnicodeBig"/>
    <property name="socksNonProxyHosts" value="local|*.local|169.254/16|*.169.254/16"/>
    <property name="java.class.version" value="61.0"/>
  </properties>
  <testcase name="saveUser" classname="UserServiceTest" time="0.718">
    <system-out><![CDATA[Hibernate: 
    DROP TABLE IF EXISTS users;
hib create connect
Hibernate: 
    CREATE TABLE IF NOT EXISTS users (         id BIGINT PRIMARY KEY AUTO_INCREMENT,         name VARCHAR(255) NOT NULL,         lastName VARCHAR(255) NOT NULL,         age TINYINT NOT NULL     ); 
Hibernate: 
    insert 
    into
        users
        (age, lastName, name) 
    values
        (?, ?, ?)
User с именем — Ivan добавлен в базу данных
Hibernate: 
    select
        user0_.id as id1_0_,
        user0_.age as age2_0_,
        user0_.lastName as lastname3_0_,
        user0_.name as name4_0_ 
    from
        users user0_
]]></system-out>
    <system-err><![CDATA[июл. 13, 2024 12:11:20 PM org.hibernate.Version logVersion
INFO: HHH000412: Hibernate ORM core version 5.6.3.Final
июл. 13, 2024 12:11:20 PM org.hibernate.annotations.common.reflection.java.JavaReflectionManager <clinit>
INFO: HCANN000001: Hibernate Commons Annotations {5.1.2.Final}
июл. 13, 2024 12:11:20 PM org.hibernate.engine.jdbc.connections.internal.DriverManagerConnectionProviderImpl configure
WARN: HHH10001002: Using Hibernate built-in connection pool (not for production use!)
июл. 13, 2024 12:11:20 PM org.hibernate.engine.jdbc.connections.internal.DriverManagerConnectionProviderImpl buildCreator
INFO: HHH10001005: using driver [com.mysql.cj.jdbc.Driver] at URL [jdbc:mysql://localhost/kata114]
июл. 13, 2024 12:11:20 PM org.hibernate.engine.jdbc.connections.internal.DriverManagerConnectionProviderImpl buildCreator
INFO: HHH10001001: Connection properties: {user=katauser}
июл. 13, 2024 12:11:20 PM org.hibernate.engine.jdbc.connections.internal.DriverManagerConnectionProviderImpl buildCreator
INFO: HHH10001003: Autocommit mode: false
июл. 13, 2024 12:11:20 PM org.hibernate.engine.jdbc.connections.internal.DriverManagerConnectionProviderImpl$PooledConnections <init>
INFO: HHH000115: Hibernate connection pool size: 20 (min=1)
июл. 13, 2024 12:11:20 PM org.hibernate.dialect.Dialect <init>
INFO: HHH000400: Using dialect: org.hibernate.dialect.MySQL8Dialect
июл. 13, 2024 12:11:20 PM org.hibernate.engine.transaction.jta.platform.internal.JtaPlatformInitiator initiateService
INFO: HHH000490: Using JtaPlatform implementation: [org.hibernate.engine.transaction.jta.platform.internal.NoJtaPlatform]
]]></system-err>
  </testcase>
  <testcase name="removeUserById" classname="UserServiceTest" time="0.021">
    <system-out><![CDATA[Hibernate: 
    DROP TABLE IF EXISTS users;
hib create connect
Hibernate: 
    CREATE TABLE IF NOT EXISTS users (         id BIGINT PRIMARY KEY AUTO_INCREMENT,         name VARCHAR(255) NOT NULL,         lastName VARCHAR(255) NOT NULL,         age TINYINT NOT NULL     ); 
Hibernate: 
    insert 
    into
        users
        (age, lastName, name) 
    values
        (?, ?, ?)
User с именем — Ivan добавлен в базу данных
Hibernate: 
    select
        user0_.id as id1_0_0_,
        user0_.age as age2_0_0_,
        user0_.lastName as lastname3_0_0_,
        user0_.name as name4_0_0_ 
    from
        users user0_ 
    where
        user0_.id=?
]]></system-out>
  </testcase>
  <testcase name="getAllUsers" classname="UserServiceTest" time="0.014">
    <system-out><![CDATA[Hibernate: 
    DROP TABLE IF EXISTS users;
hib create connect
Hibernate: 
    CREATE TABLE IF NOT EXISTS users (         id BIGINT PRIMARY KEY AUTO_INCREMENT,         name VARCHAR(255) NOT NULL,         lastName VARCHAR(255) NOT NULL,         age TINYINT NOT NULL     ); 
Hibernate: 
    insert 
    into
        users
        (age, lastName, name) 
    values
        (?, ?, ?)
User с именем — Ivan добавлен в базу данных
Hibernate: 
    select
        user0_.id as id1_0_,
        user0_.age as age2_0_,
        user0_.lastName as lastname3_0_,
        user0_.name as name4_0_ 
    from
        users user0_
]]></system-out>
  </testcase>
  <testcase name="dropUsersTable" classname="UserServiceTest" time="0.007">
    <system-out><![CDATA[Hibernate: 
    DROP TABLE IF EXISTS users;
Hibernate: 
    DROP TABLE IF EXISTS users;
]]></system-out>
  </testcase>
  <testcase name="createUsersTable" classname="UserServiceTest" time="0.008">
    <system-out><![CDATA[Hibernate: 
    DROP TABLE IF EXISTS users;
hib create connect
Hibernate: 
    CREATE TABLE IF NOT EXISTS users (         id BIGINT PRIMARY KEY AUTO_INCREMENT,         name VARCHAR(255) NOT NULL,         lastName VARCHAR(255) NOT NULL,         age TINYINT NOT NULL     ); 
]]></system-out>
  </testcase>
  <testcase name="cleanUsersTable" classname="UserServiceTest" time="0.032">
    <system-out><![CDATA[Hibernate: 
    DROP TABLE IF EXISTS users;
hib create connect
Hibernate: 
    CREATE TABLE IF NOT EXISTS users (         id BIGINT PRIMARY KEY AUTO_INCREMENT,         name VARCHAR(255) NOT NULL,         lastName VARCHAR(255) NOT NULL,         age TINYINT NOT NULL     ); 
Hibernate: 
    insert 
    into
        users
        (age, lastName, name) 
    values
        (?, ?, ?)
User с именем — Ivan добавлен в базу данных
Hibernate: 
    TRUNCATE TABLE users;
Hibernate: 
    select
        user0_.id as id1_0_,
        user0_.age as age2_0_,
        user0_.lastName as lastname3_0_,
        user0_.name as name4_0_ 
    from
        users user0_
]]></system-out>
  </testcase>
</testsuite>